<?xml version="1.0" encoding="UTF-8"?>
<!-- Generated by org.testng.reporters.JUnitXMLReporter -->
<testsuite ignored="1" hostname="LAPTOP-CTGQJNSI" failures="1" tests="12" name="Loan Department" time="0.099" errors="0" timestamp="2024-07-09T00:42:26 IST">
  <testcase classname="Exercises.Demo3" name="Home" time="0.006"/>
  <testcase classname="Exercises.Demo3" name="loan" time="0.001"/>
  <testcase classname="Exercises.Demo3" name="vehical" time="0.001"/>
  <testcase classname="Exercises.Demo1" name="Demo2" time="0.002"/>
  <testcase classname="Exercises.Demo1" name="demo1" time="0.0"/>
  <testcase classname="Exercises.Demo2" name="Lastline" time="0.002"/>
  <testcase classname="Exercises.Demo2" name="bank" time="0.001"/>
  <testcase classname="Exercises.Demo2" name="current" time="0.002"/>
  <testcase classname="Exercises.Demo2" name="saving" time="0.002"/>
  <testcase classname="Exercises.Demo4" name="Mango" time="0.007"/>
  <testcase classname="Exercises.Demo4" name="Peas" time="0.0">
    <failure type="org.testng.TestNGException" message="
Parameter &amp;apos;url&amp;apos; is required by @Test on method Peas but has not been marked @Optional or defined
in C:\Users\Amit Bind\eclipse-workspace\TestNG\testng2.xml">
      <![CDATA[org.testng.TestNGException: 
Parameter 'url' is required by @Test on method Peas but has not been marked @Optional or defined
in C:\Users\Amit Bind\eclipse-workspace\TestNG\testng2.xml
at java.base/java.util.ArrayList.forEach(ArrayList.java:1511)
... Removed 26 stack frames]]>
    </failure>
  </testcase> <!-- Peas -->
  <testcase classname="Exercises.Demo4" name="banana" time="0.002"/>
  <testcase classname="Exercises.Demo4" name="Apple" time="0.0">
    <ignored/>
  </testcase> <!-- Apple -->
</testsuite> <!-- Loan Department -->
