<?xml version="1.0" encoding="UTF-8"?>
<!-- Generated by org.testng.reporters.JUnitXMLReporter -->
<testsuite ignored="3" hostname="LAPTOP-CTGQJNSI" failures="2" tests="6" name="RegressionTesting" time="0.07" errors="0" timestamp="2024-07-12T00:51:27 IST">
  <testcase classname="Exercises.Demo1" name="Demo2" time="0.011"/>
  <testcase classname="Exercises.Demo2" name="bank" time="0.002"/>
  <testcase classname="Exercises.Demo2" name="current" time="0.001"/>
  <testcase classname="Exercises.Demo2" name="saving" time="0.0">
    <failure type="org.testng.TestNGException" message="
Parameter &amp;apos;ABC&amp;apos; is required by @Test on method saving but has not been marked @Optional or defined
in C:\Users\Amit Bind\eclipse-workspace\TestNG\testng3.xml">
      <![CDATA[org.testng.TestNGException: 
Parameter 'ABC' is required by @Test on method saving but has not been marked @Optional or defined
in C:\Users\Amit Bind\eclipse-workspace\TestNG\testng3.xml
at java.base/java.util.ArrayList.forEach(ArrayList.java:1511)
... Removed 26 stack frames]]>
    </failure>
  </testcase> <!-- saving -->
  <testcase classname="Exercises.Demo3" name="Home" time="0.0">
    <failure type="org.testng.TestNGException" message="
Parameter &amp;apos;XYZ&amp;apos; is required by @Test on method Home but has not been marked @Optional or defined
in C:\Users\Amit Bind\eclipse-workspace\TestNG\testng3.xml">
      <![CDATA[org.testng.TestNGException: 
Parameter 'XYZ' is required by @Test on method Home but has not been marked @Optional or defined
in C:\Users\Amit Bind\eclipse-workspace\TestNG\testng3.xml
at java.base/java.util.ArrayList.forEach(ArrayList.java:1511)
... Removed 26 stack frames]]>
    </failure>
  </testcase> <!-- Home -->
  <testcase classname="Exercises.Demo3" name="vehical" time="0.0">
    <skipped/>
  </testcase> <!-- vehical -->
  <testcase classname="Exercises.Demo3" name="loan" time="0.0">
    <ignored/>
  </testcase> <!-- loan -->
  <testcase classname="Exercises.Demo2" name="Lastline" time="0.0">
    <ignored/>
  </testcase> <!-- Lastline -->
  <testcase classname="Exercises.Demo1" name="demo1" time="0.0">
    <ignored/>
  </testcase> <!-- demo1 -->
</testsuite> <!-- RegressionTesting -->
